c:\users\eugene\desktop\studio\tpm2-tool\tools\x64\debug\vc141.pdb
c:\users\eugene\desktop\studio\tpm2-tool\tools\x64\debug\vc141.idb
c:\users\eugene\desktop\studio\tpm2-tool\tools\x64\debug\tpm2_ecephemeral.obj
c:\users\eugene\desktop\studio\tpm2-tool\tools\x64\debug\tpm2_ecdhzgen.obj
c:\users\eugene\desktop\studio\tpm2-tool\tools\x64\debug\tpm2_ecdhkeygen.obj
c:\users\eugene\desktop\studio\tpm2-tool\tools\x64\debug\tpm2_duplicate.obj
c:\users\eugene\desktop\studio\tpm2-tool\tools\x64\debug\tpm2_dictionarylockout.obj
c:\users\eugene\desktop\studio\tpm2-tool\tools\x64\debug\tpm2_createprimary.obj
c:\users\eugene\desktop\studio\tpm2-tool\tools\x64\debug\tpm2_createpolicy.obj
c:\users\eugene\desktop\studio\tpm2-tool\tools\x64\debug\tpm2_createek.obj
c:\users\eugene\desktop\studio\tpm2-tool\tools\x64\debug\tpm2_createak.obj
c:\users\eugene\desktop\studio\tpm2-tool\tools\x64\debug\tpm2_create.obj
c:\users\eugene\desktop\studio\tpm2-tool\tools\x64\debug\tpm2_commit.obj
c:\users\eugene\desktop\studio\tpm2-tool\tools\x64\debug\tpm2_clockrateadjust.obj
c:\users\eugene\desktop\studio\tpm2-tool\tools\x64\debug\tpm2_clearcontrol.obj
c:\users\eugene\desktop\studio\tpm2-tool\tools\x64\debug\tpm2_clear.obj
c:\users\eugene\desktop\studio\tpm2-tool\tools\x64\debug\tpm2_changepps.obj
c:\users\eugene\desktop\studio\tpm2-tool\tools\x64\debug\tpm2_changeeps.obj
c:\users\eugene\desktop\studio\tpm2-tool\tools\x64\debug\tpm2_changeauth.obj
c:\users\eugene\desktop\studio\tpm2-tool\tools\x64\debug\tpm2_certifycreation.obj
c:\users\eugene\desktop\studio\tpm2-tool\tools\x64\debug\tpm2_certify.obj
c:\users\eugene\desktop\studio\tpm2-tool\tools\x64\debug\tpm2_activatecredential.obj
c:\users\eugene\desktop\studio\tpm2-tool\tools\x64\debug\tpm2_nvcertify.obj
c:\users\eugene\desktop\studio\tpm2-tool\tools\x64\debug\tpm2_makecredential.obj
c:\users\eugene\desktop\studio\tpm2-tool\tools\x64\debug\tpm2_loadexternal.obj
c:\users\eugene\desktop\studio\tpm2-tool\tools\x64\debug\tpm2_load.obj
c:\users\eugene\desktop\studio\tpm2-tool\tools\x64\debug\tpm2_incrementalselftest.obj
c:\users\eugene\desktop\studio\tpm2-tool\tools\x64\debug\tpm2_import.obj
c:\users\eugene\desktop\studio\tpm2-tool\tools\x64\debug\tpm2_hmac.obj
c:\users\eugene\desktop\studio\tpm2-tool\tools\x64\debug\tpm2_hierarchycontrol.obj
c:\users\eugene\desktop\studio\tpm2-tool\tools\x64\debug\tpm2_hash.obj
c:\users\eugene\desktop\studio\tpm2-tool\tools\x64\debug\tpm2_gettime.obj
c:\users\eugene\desktop\studio\tpm2-tool\tools\x64\debug\tpm2_gettestresult.obj
c:\users\eugene\desktop\studio\tpm2-tool\tools\x64\debug\tpm2_getsessionauditdigest.obj
c:\users\eugene\desktop\studio\tpm2-tool\tools\x64\debug\tpm2_getrandom.obj
c:\users\eugene\desktop\studio\tpm2-tool\tools\x64\debug\tpm2_getpolicydigest.obj
c:\users\eugene\desktop\studio\tpm2-tool\tools\x64\debug\tpm2_geteccparameters.obj
c:\users\eugene\desktop\studio\tpm2-tool\tools\x64\debug\tpm2_getcommandauditdigest.obj
c:\users\eugene\desktop\studio\tpm2-tool\tools\x64\debug\tpm2_getcap.obj
c:\users\eugene\desktop\studio\tpm2-tool\tools\x64\debug\tpm2_flushcontext.obj
c:\users\eugene\desktop\studio\tpm2-tool\tools\x64\debug\tpm2_evictcontrol.obj
c:\users\eugene\desktop\studio\tpm2-tool\tools\x64\debug\tpm2_encryptdecrypt.obj
c:\users\eugene\desktop\studio\tpm2-tool\tools\x64\debug\tpm2_policycountertimer.obj
c:\users\eugene\desktop\studio\tpm2-tool\tools\x64\debug\tpm2_policycommandcode.obj
c:\users\eugene\desktop\studio\tpm2-tool\tools\x64\debug\tpm2_policyauthvalue.obj
c:\users\eugene\desktop\studio\tpm2-tool\tools\x64\debug\tpm2_policyauthorizenv.obj
c:\users\eugene\desktop\studio\tpm2-tool\tools\x64\debug\tpm2_policyauthorize.obj
c:\users\eugene\desktop\studio\tpm2-tool\tools\x64\debug\tpm2_pcrreset.obj
c:\users\eugene\desktop\studio\tpm2-tool\tools\x64\debug\tpm2_pcrread.obj
c:\users\eugene\desktop\studio\tpm2-tool\tools\x64\debug\tpm2_pcrextend.obj
c:\users\eugene\desktop\studio\tpm2-tool\tools\x64\debug\tpm2_pcrevent.obj
c:\users\eugene\desktop\studio\tpm2-tool\tools\x64\debug\tpm2_pcrallocate.obj
c:\users\eugene\desktop\studio\tpm2-tool\tools\x64\debug\tpm2_nvwritelock.obj
c:\users\eugene\desktop\studio\tpm2-tool\tools\x64\debug\tpm2_nvwrite.obj
c:\users\eugene\desktop\studio\tpm2-tool\tools\x64\debug\tpm2_nvundefine.obj
c:\users\eugene\desktop\studio\tpm2-tool\tools\x64\debug\tpm2_nvsetbits.obj
c:\users\eugene\desktop\studio\tpm2-tool\tools\x64\debug\tpm2_nvreadpublic.obj
c:\users\eugene\desktop\studio\tpm2-tool\tools\x64\debug\tpm2_nvreadlock.obj
c:\users\eugene\desktop\studio\tpm2-tool\tools\x64\debug\tpm2_nvread.obj
c:\users\eugene\desktop\studio\tpm2-tool\tools\x64\debug\tpm2_nvincrement.obj
c:\users\eugene\desktop\studio\tpm2-tool\tools\x64\debug\tpm2_nvextend.obj
c:\users\eugene\desktop\studio\tpm2-tool\tools\x64\debug\tpm2_nvdefine.obj
c:\users\eugene\desktop\studio\tpm2-tool\tools\x64\debug\tpm2_selftest.obj
c:\users\eugene\desktop\studio\tpm2-tool\tools\x64\debug\tpm2_rsaencrypt.obj
c:\users\eugene\desktop\studio\tpm2-tool\tools\x64\debug\tpm2_rsadecrypt.obj
c:\users\eugene\desktop\studio\tpm2-tool\tools\x64\debug\tpm2_readpublic.obj
c:\users\eugene\desktop\studio\tpm2-tool\tools\x64\debug\tpm2_readclock.obj
c:\users\eugene\desktop\studio\tpm2-tool\tools\x64\debug\tpm2_quote.obj
c:\users\eugene\desktop\studio\tpm2-tool\tools\x64\debug\tpm2_policyticket.obj
c:\users\eugene\desktop\studio\tpm2-tool\tools\x64\debug\tpm2_policytemplate.obj
c:\users\eugene\desktop\studio\tpm2-tool\tools\x64\debug\tpm2_policysigned.obj
c:\users\eugene\desktop\studio\tpm2-tool\tools\x64\debug\tpm2_policysecret.obj
c:\users\eugene\desktop\studio\tpm2-tool\tools\x64\debug\tpm2_policyrestart.obj
c:\users\eugene\desktop\studio\tpm2-tool\tools\x64\debug\tpm2_policypcr.obj
c:\users\eugene\desktop\studio\tpm2-tool\tools\x64\debug\tpm2_policypassword.obj
c:\users\eugene\desktop\studio\tpm2-tool\tools\x64\debug\tpm2_policyor.obj
c:\users\eugene\desktop\studio\tpm2-tool\tools\x64\debug\tpm2_policynvwritten.obj
c:\users\eugene\desktop\studio\tpm2-tool\tools\x64\debug\tpm2_policynv.obj
c:\users\eugene\desktop\studio\tpm2-tool\tools\x64\debug\tpm2_policynamehash.obj
c:\users\eugene\desktop\studio\tpm2-tool\tools\x64\debug\tpm2_policylocality.obj
c:\users\eugene\desktop\studio\tpm2-tool\tools\x64\debug\tpm2_policyduplicationselect.obj
c:\users\eugene\desktop\studio\tpm2-tool\tools\x64\debug\tpm2_policycphash.obj
c:\users\eugene\desktop\studio\tpm2-tool\tools\x64\debug\tpm2_zgen2phase.obj
c:\users\eugene\desktop\studio\tpm2-tool\tools\x64\debug\tpm2_verifysignature.obj
c:\users\eugene\desktop\studio\tpm2-tool\tools\x64\debug\tpm2_unseal.obj
c:\users\eugene\desktop\studio\tpm2-tool\tools\x64\debug\tpm2_tool.obj
c:\users\eugene\desktop\studio\tpm2-tool\tools\x64\debug\tpm2_testparms.obj
c:\users\eugene\desktop\studio\tpm2-tool\tools\x64\debug\tpm2_stirrandom.obj
c:\users\eugene\desktop\studio\tpm2-tool\tools\x64\debug\tpm2_startup.obj
c:\users\eugene\desktop\studio\tpm2-tool\tools\x64\debug\tpm2_startauthsession.obj
c:\users\eugene\desktop\studio\tpm2-tool\tools\x64\debug\tpm2_sign.obj
c:\users\eugene\desktop\studio\tpm2-tool\tools\x64\debug\tpm2_shutdown.obj
c:\users\eugene\desktop\studio\tpm2-tool\tools\x64\debug\tpm2_setprimarypolicy.obj
c:\users\eugene\desktop\studio\tpm2-tool\tools\x64\debug\tpm2_setcommandauditstatus.obj
c:\users\eugene\desktop\studio\tpm2-tool\tools\x64\debug\tpm2_setclock.obj
c:\users\eugene\desktop\studio\tpm2-tool\tools\x64\debug\tpm2_sessionconfig.obj
c:\users\eugene\desktop\studio\tpm2-tool\tools\x64\debug\tpm2_send.obj
c:\users\eugene\desktop\studio\tpm2-tool\x64\debug\tools.pdb
c:\users\eugene\desktop\studio\tpm2-tool\tools\x64\debug\tools.tlog\cl.command.1.tlog
c:\users\eugene\desktop\studio\tpm2-tool\tools\x64\debug\tools.tlog\cl.read.1.tlog
c:\users\eugene\desktop\studio\tpm2-tool\tools\x64\debug\tools.tlog\cl.write.1.tlog
c:\users\eugene\desktop\studio\tpm2-tool\tools\x64\debug\tools.tlog\link-cvtres.read.1.tlog
c:\users\eugene\desktop\studio\tpm2-tool\tools\x64\debug\tools.tlog\link-cvtres.write.1.tlog
c:\users\eugene\desktop\studio\tpm2-tool\tools\x64\debug\tools.tlog\link-rc.read.1.tlog
c:\users\eugene\desktop\studio\tpm2-tool\tools\x64\debug\tools.tlog\link-rc.write.1.tlog
c:\users\eugene\desktop\studio\tpm2-tool\tools\x64\debug\tools.tlog\link.command.1.tlog
c:\users\eugene\desktop\studio\tpm2-tool\tools\x64\debug\tools.tlog\link.read.1.tlog
c:\users\eugene\desktop\studio\tpm2-tool\tools\x64\debug\tools.tlog\link.write.1.tlog
