c:\users\eugene\desktop\studio\tpm2-tool\x64\debug\lib.lib
c:\users\eugene\desktop\studio\tpm2-tool\lib\x64\debug\files.obj
c:\users\eugene\desktop\studio\tpm2-tool\lib\x64\debug\log.obj
c:\users\eugene\desktop\studio\tpm2-tool\lib\x64\debug\object.obj
c:\users\eugene\desktop\studio\tpm2-tool\lib\x64\debug\pcr.obj
c:\users\eugene\desktop\studio\tpm2-tool\lib\x64\debug\tool_rc.obj
c:\users\eugene\desktop\studio\tpm2-tool\lib\x64\debug\tpm2.obj
c:\users\eugene\desktop\studio\tpm2-tool\lib\x64\debug\tpm2_alg_util.obj
c:\users\eugene\desktop\studio\tpm2-tool\lib\x64\debug\tpm2_attr_util.obj
c:\users\eugene\desktop\studio\tpm2-tool\lib\x64\debug\tpm2_auth_util.obj
c:\users\eugene\desktop\studio\tpm2-tool\lib\x64\debug\tpm2_capability.obj
c:\users\eugene\desktop\studio\tpm2-tool\lib\x64\debug\tpm2_cc_util.obj
c:\users\eugene\desktop\studio\tpm2-tool\lib\x64\debug\tpm2_convert.obj
c:\users\eugene\desktop\studio\tpm2-tool\lib\x64\debug\tpm2_ctx_mgmt.obj
c:\users\eugene\desktop\studio\tpm2-tool\lib\x64\debug\tpm2_errata.obj
c:\users\eugene\desktop\studio\tpm2-tool\lib\x64\debug\tpm2_eventlog.obj
c:\users\eugene\desktop\studio\tpm2-tool\lib\x64\debug\tpm2_eventlog_yaml.obj
c:\users\eugene\desktop\studio\tpm2-tool\lib\x64\debug\tpm2_hash.obj
c:\users\eugene\desktop\studio\tpm2-tool\lib\x64\debug\tpm2_hierarchy.obj
c:\users\eugene\desktop\studio\tpm2-tool\lib\x64\debug\tpm2_identity_util.obj
c:\users\eugene\desktop\studio\tpm2-tool\lib\x64\debug\tpm2_kdfa.obj
c:\users\eugene\desktop\studio\tpm2-tool\lib\x64\debug\tpm2_kdfe.obj
c:\users\eugene\desktop\studio\tpm2-tool\lib\x64\debug\tpm2_openssl.obj
c:\users\eugene\desktop\studio\tpm2-tool\lib\x64\debug\tpm2_options.obj
c:\users\eugene\desktop\studio\tpm2-tool\lib\x64\debug\tpm2_policy.obj
c:\users\eugene\desktop\studio\tpm2-tool\lib\x64\debug\tpm2_session.obj
c:\users\eugene\desktop\studio\tpm2-tool\lib\x64\debug\tpm2_tool_output.obj
c:\users\eugene\desktop\studio\tpm2-tool\lib\x64\debug\tpm2_util.obj
c:\users\eugene\desktop\studio\tpm2-tool\lib\x64\debug\lib.tlog\clang.command.1.tlog
c:\users\eugene\desktop\studio\tpm2-tool\lib\x64\debug\lib.tlog\lib-link.read.1.tlog
c:\users\eugene\desktop\studio\tpm2-tool\lib\x64\debug\lib.tlog\lib-link.write.1.tlog
c:\users\eugene\desktop\studio\tpm2-tool\lib\x64\debug\lib.tlog\lib.command.1.tlog
c:\users\eugene\desktop\studio\tpm2-tool\lib\x64\debug\lib.tlog\microsoft.build.cpptasks.clangcompile.read.1.tlog
c:\users\eugene\desktop\studio\tpm2-tool\lib\x64\debug\lib.tlog\microsoft.build.cpptasks.clangcompile.write.1.tlog
